0 info it worked if it ends with ok
1 verbose cli [ '/usr/local/bin/node',
1 verbose cli   '/usr/local/bin/npm',
1 verbose cli   'run',
1 verbose cli   'watch-css' ]
2 info using npm@3.10.10
3 info using node@v6.9.5
4 verbose run-script [ 'prewatch-css', 'watch-css', 'postwatch-css' ]
5 info lifecycle sass_practice@1.0.0~prewatch-css: sass_practice@1.0.0
6 silly lifecycle sass_practice@1.0.0~prewatch-css: no script for prewatch-css, continuing
7 info lifecycle sass_practice@1.0.0~watch-css: sass_practice@1.0.0
8 verbose lifecycle sass_practice@1.0.0~watch-css: unsafe-perm in lifecycle true
9 verbose lifecycle sass_practice@1.0.0~watch-css: PATH: /usr/local/lib/node_modules/npm/bin/node-gyp-bin:/Users/piercebelton/Desktop/code/sass_practice/node_modules/.bin:/Users/piercebelton/.rvm/gems/ruby-2.3.3/bin:/Users/piercebelton/.rvm/gems/ruby-2.3.3@global/bin:/Users/piercebelton/.rvm/rubies/ruby-2.3.3/bin:/usr/local/bin:/usr/bin:/bin:/usr/sbin:/sbin:/Users/piercebelton/.rvm/bin
10 verbose lifecycle sass_practice@1.0.0~watch-css: CWD: /Users/piercebelton/Desktop/code/sass_practice
11 silly lifecycle sass_practice@1.0.0~watch-css: Args: [ '-c', './bin/watch-css' ]
12 silly lifecycle sass_practice@1.0.0~watch-css: Returned: code: 134  signal: null
13 info lifecycle sass_practice@1.0.0~watch-css: Failed to exec watch-css script
14 verbose stack Error: sass_practice@1.0.0 watch-css: `./bin/watch-css`
14 verbose stack Exit status 134
14 verbose stack     at EventEmitter.<anonymous> (/usr/local/lib/node_modules/npm/lib/utils/lifecycle.js:255:16)
14 verbose stack     at emitTwo (events.js:106:13)
14 verbose stack     at EventEmitter.emit (events.js:191:7)
14 verbose stack     at ChildProcess.<anonymous> (/usr/local/lib/node_modules/npm/lib/utils/spawn.js:40:14)
14 verbose stack     at emitTwo (events.js:106:13)
14 verbose stack     at ChildProcess.emit (events.js:191:7)
14 verbose stack     at maybeClose (internal/child_process.js:877:16)
14 verbose stack     at Process.ChildProcess._handle.onexit (internal/child_process.js:226:5)
15 verbose pkgid sass_practice@1.0.0
16 verbose cwd /Users/piercebelton/Desktop/code/sass_practice
17 error Darwin 16.4.0
18 error argv "/usr/local/bin/node" "/usr/local/bin/npm" "run" "watch-css"
19 error node v6.9.5
20 error npm  v3.10.10
21 error code ELIFECYCLE
22 error sass_practice@1.0.0 watch-css: `./bin/watch-css`
22 error Exit status 134
23 error Failed at the sass_practice@1.0.0 watch-css script './bin/watch-css'.
23 error Make sure you have the latest version of node.js and npm installed.
23 error If you do, this is most likely a problem with the sass_practice package,
23 error not with npm itself.
23 error Tell the author that this fails on your system:
23 error     ./bin/watch-css
23 error You can get information on how to open an issue for this project with:
23 error     npm bugs sass_practice
23 error Or if that isn't available, you can get their info via:
23 error     npm owner ls sass_practice
23 error There is likely additional logging output above.
24 verbose exit [ 1, true ]
